  KSKS1server.cpp
C:\Users\1\source\repos\KSKS1server\KSKS1server\KSKS1server.cpp(90,48): warning C4101: e: неиспользованная локальная переменная
C:\Users\1\source\repos\KSKS1server\KSKS1server\KSKS1server.cpp(103,48): warning C4101: e: неиспользованная локальная переменная
C:\Users\1\source\repos\KSKS1server\KSKS1server\KSKS1server.cpp(180,25): warning C4566: символ, представленный универсальным именем символа "\u041E", невозможно представить в текущей кодовой странице (1252)
C:\Users\1\source\repos\KSKS1server\KSKS1server\KSKS1server.cpp(180,25): warning C4566: символ, представленный универсальным именем символа "\u0441", невозможно представить в текущей кодовой странице (1252)
C:\Users\1\source\repos\KSKS1server\KSKS1server\KSKS1server.cpp(180,25): warning C4566: символ, представленный универсальным именем символа "\u043D", невозможно представить в текущей кодовой странице (1252)
C:\Users\1\source\repos\KSKS1server\KSKS1server\KSKS1server.cpp(180,25): warning C4566: символ, представленный универсальным именем символа "\u043E", невозможно представить в текущей кодовой странице (1252)
C:\Users\1\source\repos\KSKS1server\KSKS1server\KSKS1server.cpp(180,25): warning C4566: символ, представленный универсальным именем символа "\u0432", невозможно представить в текущей кодовой странице (1252)
C:\Users\1\source\repos\KSKS1server\KSKS1server\KSKS1server.cpp(180,25): warning C4566: символ, представленный универсальным именем символа "\u0430", невозможно представить в текущей кодовой странице (1252)
C:\Users\1\source\repos\KSKS1server\KSKS1server\KSKS1server.cpp(180,25): warning C4566: символ, представленный универсальным именем символа "\u044F", невозможно представить в текущей кодовой странице (1252)
C:\Users\1\source\repos\KSKS1server\KSKS1server\KSKS1server.cpp(180,25): warning C4566: символ, представленный универсальным именем символа "\u043A", невозможно представить в текущей кодовой странице (1252)
C:\Users\1\source\repos\KSKS1server\KSKS1server\KSKS1server.cpp(180,25): warning C4566: символ, представленный универсальным именем символа "\u043C", невозможно представить в текущей кодовой странице (1252)
C:\Users\1\source\repos\KSKS1server\KSKS1server\KSKS1server.cpp(180,25): warning C4566: символ, представленный универсальным именем символа "\u0434", невозможно представить в текущей кодовой странице (1252)
C:\Users\1\source\repos\KSKS1server\KSKS1server\KSKS1server.cpp(181,25): warning C4566: символ, представленный универсальным именем символа "\u041F", невозможно представить в текущей кодовой странице (1252)
C:\Users\1\source\repos\KSKS1server\KSKS1server\KSKS1server.cpp(181,25): warning C4566: символ, представленный универсальным именем символа "\u0430", невозможно представить в текущей кодовой странице (1252)
C:\Users\1\source\repos\KSKS1server\KSKS1server\KSKS1server.cpp(181,25): warning C4566: символ, представленный универсальным именем символа "\u0440", невозможно представить в текущей кодовой странице (1252)
C:\Users\1\source\repos\KSKS1server\KSKS1server\KSKS1server.cpp(181,25): warning C4566: символ, представленный универсальным именем символа "\u043C", невозможно представить в текущей кодовой странице (1252)
C:\Users\1\source\repos\KSKS1server\KSKS1server\KSKS1server.cpp(181,25): warning C4566: символ, представленный универсальным именем символа "\u0435", невозможно представить в текущей кодовой странице (1252)
C:\Users\1\source\repos\KSKS1server\KSKS1server\KSKS1server.cpp(181,25): warning C4566: символ, представленный универсальным именем символа "\u0442", невозможно представить в текущей кодовой странице (1252)
C:\Users\1\source\repos\KSKS1server\KSKS1server\KSKS1server.cpp(181,25): warning C4566: символ, представленный универсальным именем символа "\u044B", невозможно представить в текущей кодовой странице (1252)
C:\Users\1\source\repos\KSKS1server\KSKS1server\KSKS1server.cpp(181,25): warning C4566: символ, представленный универсальным именем символа "\u043A", невозможно представить в текущей кодовой странице (1252)
C:\Users\1\source\repos\KSKS1server\KSKS1server\KSKS1server.cpp(181,25): warning C4566: символ, представленный универсальным именем символа "\u043E", невозможно представить в текущей кодовой странице (1252)
C:\Users\1\source\repos\KSKS1server\KSKS1server\KSKS1server.cpp(181,25): warning C4566: символ, представленный универсальным именем символа "\u043D", невозможно представить в текущей кодовой странице (1252)
C:\Users\1\source\repos\KSKS1server\KSKS1server\KSKS1server.cpp(181,25): warning C4566: символ, представленный универсальным именем символа "\u0434", невозможно представить в текущей кодовой странице (1252)
C:\Users\1\source\repos\KSKS1server\KSKS1server\KSKS1server.cpp(191,16): warning C4267: аргумент: преобразование из "size_t" в "int"; возможна потеря данных
C:\Users\1\source\repos\KSKS1server\KSKS1server\KSKS1server.cpp(193,25): warning C4566: символ, представленный универсальным именем символа "\u043F", невозможно представить в текущей кодовой странице (1252)
C:\Users\1\source\repos\KSKS1server\KSKS1server\KSKS1server.cpp(193,25): warning C4566: символ, представленный универсальным именем символа "\u043E", невозможно представить в текущей кодовой странице (1252)
C:\Users\1\source\repos\KSKS1server\KSKS1server\KSKS1server.cpp(193,25): warning C4566: символ, представленный универсальным именем символа "\u043B", невозможно представить в текущей кодовой странице (1252)
C:\Users\1\source\repos\KSKS1server\KSKS1server\KSKS1server.cpp(193,25): warning C4566: символ, представленный универсальным именем символа "\u0443", невозможно представить в текущей кодовой странице (1252)
C:\Users\1\source\repos\KSKS1server\KSKS1server\KSKS1server.cpp(193,25): warning C4566: символ, представленный универсальным именем символа "\u0447", невозможно представить в текущей кодовой странице (1252)
C:\Users\1\source\repos\KSKS1server\KSKS1server\KSKS1server.cpp(193,25): warning C4566: символ, представленный универсальным именем символа "\u0438", невозможно представить в текущей кодовой странице (1252)
C:\Users\1\source\repos\KSKS1server\KSKS1server\KSKS1server.cpp(193,25): warning C4566: символ, представленный универсальным именем символа "\u0448", невозможно представить в текущей кодовой странице (1252)
C:\Users\1\source\repos\KSKS1server\KSKS1server\KSKS1server.cpp(193,25): warning C4566: символ, представленный универсальным именем символа "\u0431", невозможно представить в текущей кодовой странице (1252)
C:\Users\1\source\repos\KSKS1server\KSKS1server\KSKS1server.cpp(193,25): warning C4566: символ, представленный универсальным именем символа "\u043A", невозможно представить в текущей кодовой странице (1252)
C:\Users\1\source\repos\KSKS1server\KSKS1server\KSKS1server.cpp(193,25): warning C4566: символ, представленный универсальным именем символа "\u041A", невозможно представить в текущей кодовой странице (1252)
C:\Users\1\source\repos\KSKS1server\KSKS1server\KSKS1server.cpp(193,25): warning C4566: символ, представленный универсальным именем символа "\u0434", невозможно представить в текущей кодовой странице (1252)
C:\Users\1\source\repos\KSKS1server\KSKS1server\KSKS1server.cpp(201,16): warning C4267: аргумент: преобразование из "size_t" в "int"; возможна потеря данных
C:\Users\1\source\repos\KSKS1server\KSKS1server\KSKS1server.cpp(203,25): warning C4566: символ, представленный универсальным именем символа "\u043F", невозможно представить в текущей кодовой странице (1252)
C:\Users\1\source\repos\KSKS1server\KSKS1server\KSKS1server.cpp(203,25): warning C4566: символ, представленный универсальным именем символа "\u043E", невозможно представить в текущей кодовой странице (1252)
C:\Users\1\source\repos\KSKS1server\KSKS1server\KSKS1server.cpp(203,25): warning C4566: символ, представленный универсальным именем символа "\u043B", невозможно представить в текущей кодовой странице (1252)
C:\Users\1\source\repos\KSKS1server\KSKS1server\KSKS1server.cpp(203,25): warning C4566: символ, представленный универсальным именем символа "\u0443", невозможно представить в текущей кодовой странице (1252)
C:\Users\1\source\repos\KSKS1server\KSKS1server\KSKS1server.cpp(203,25): warning C4566: символ, представленный универсальным именем символа "\u0447", невозможно представить в текущей кодовой странице (1252)
C:\Users\1\source\repos\KSKS1server\KSKS1server\KSKS1server.cpp(203,25): warning C4566: символ, представленный универсальным именем символа "\u0438", невозможно представить в текущей кодовой странице (1252)
C:\Users\1\source\repos\KSKS1server\KSKS1server\KSKS1server.cpp(203,25): warning C4566: символ, представленный универсальным именем символа "\u0448", невозможно представить в текущей кодовой странице (1252)
C:\Users\1\source\repos\KSKS1server\KSKS1server\KSKS1server.cpp(203,25): warning C4566: символ, представленный универсальным именем символа "\u0431", невозможно представить в текущей кодовой странице (1252)
C:\Users\1\source\repos\KSKS1server\KSKS1server\KSKS1server.cpp(203,25): warning C4566: символ, представленный универсальным именем символа "\u043A", невозможно представить в текущей кодовой странице (1252)
C:\Users\1\source\repos\KSKS1server\KSKS1server\KSKS1server.cpp(203,25): warning C4566: символ, представленный универсальным именем символа "\u041A", невозможно представить в текущей кодовой странице (1252)
C:\Users\1\source\repos\KSKS1server\KSKS1server\KSKS1server.cpp(203,25): warning C4566: символ, представленный универсальным именем символа "\u0434", невозможно представить в текущей кодовой странице (1252)
  KSKS1server.vcxproj -> C:\Users\1\source\repos\KSKS1server\x64\Debug\KSKS1server.exe
